----- Preparing dataset -----
Data directory: /home/janek/studia/ITO/projekt/CUB_200_2011/CUB_200_2011/images
----- Loading class 001.Black_footed_Albatross -----
Total images # = 60
----- Loading class 002.Laysan_Albatross -----
Total images # = 60
----- Loading class 003.Sooty_Albatross -----
Total images # = 58
----- Loading class 004.Groove_billed_Ani -----
Total images # = 60
----- Loading class 005.Crested_Auklet -----
Total images # = 44
----- Loading class 006.Least_Auklet -----
Total images # = 41
----- Loading class 007.Parakeet_Auklet -----
Total images # = 53
----- Loading class 008.Rhinoceros_Auklet -----
Total images # = 48
----- Loading class 009.Brewer_Blackbird -----
Total images # = 59
----- Loading class 010.Red_winged_Blackbird -----
Total images # = 60
----- Dataset initialized -----
Dataset size = 543
Train = 434 (80%)
Test = 109 (20%)
----- Training start -----
[Step 10/434] Past 10 steps: Average loss: 27.631 | Accuracy: 20%
[Step 20/434] Past 10 steps: Average loss: 24.177 | Accuracy: 30%
[Step 30/434] Past 10 steps: Average loss: 34.539 | Accuracy: 0%
[Step 40/434] Past 10 steps: Average loss: 34.539 | Accuracy: 0%
[Step 50/434] Past 10 steps: Average loss: 31.085 | Accuracy: 10%
